<?xml version="1.0" encoding="UTF-8"?>
<testsuite name="com.staticvoid.songsuggestion.service.SongSuggestionServiceTest" tests="1" skipped="0" failures="0" errors="0" timestamp="2023-01-26T14:43:15" hostname="DESKTOP-6IQL1N2" time="26.05">
  <properties/>
  <testcase name="should_return_song_suggestions_from_image3()" classname="com.staticvoid.songsuggestion.service.SongSuggestionServiceTest" time="26.05"/>
  <system-out><![CDATA[01:42:59.324 [Test worker] DEBUG org.springframework.test.context.BootstrapUtils - Instantiating CacheAwareContextLoaderDelegate from class [org.springframework.test.context.cache.DefaultCacheAwareContextLoaderDelegate]
01:42:59.349 [Test worker] DEBUG org.springframework.test.context.BootstrapUtils - Instantiating BootstrapContext using constructor [public org.springframework.test.context.support.DefaultBootstrapContext(java.lang.Class,org.springframework.test.context.CacheAwareContextLoaderDelegate)]
01:42:59.438 [Test worker] DEBUG org.springframework.test.context.BootstrapUtils - Instantiating TestContextBootstrapper for test class [com.staticvoid.songsuggestion.service.SongSuggestionServiceTest] from class [org.springframework.boot.test.context.SpringBootTestContextBootstrapper]
01:42:59.466 [Test worker] INFO org.springframework.boot.test.context.SpringBootTestContextBootstrapper - Neither @ContextConfiguration nor @ContextHierarchy found for test class [com.staticvoid.songsuggestion.service.SongSuggestionServiceTest], using SpringBootContextLoader
01:42:59.476 [Test worker] DEBUG org.springframework.test.context.support.AbstractContextLoader - Did not detect default resource location for test class [com.staticvoid.songsuggestion.service.SongSuggestionServiceTest]: class path resource [com/staticvoid/songsuggestion/service/SongSuggestionServiceTest-context.xml] does not exist
01:42:59.478 [Test worker] DEBUG org.springframework.test.context.support.AbstractContextLoader - Did not detect default resource location for test class [com.staticvoid.songsuggestion.service.SongSuggestionServiceTest]: class path resource [com/staticvoid/songsuggestion/service/SongSuggestionServiceTestContext.groovy] does not exist
01:42:59.479 [Test worker] INFO org.springframework.test.context.support.AbstractContextLoader - Could not detect default resource locations for test class [com.staticvoid.songsuggestion.service.SongSuggestionServiceTest]: no resource found for suffixes {-context.xml, Context.groovy}.
01:42:59.481 [Test worker] INFO org.springframework.test.context.support.AnnotationConfigContextLoaderUtils - Could not detect default configuration classes for test class [com.staticvoid.songsuggestion.service.SongSuggestionServiceTest]: SongSuggestionServiceTest does not declare any static, non-private, non-final, nested classes annotated with @Configuration.
01:42:59.612 [Test worker] DEBUG org.springframework.test.context.support.ActiveProfilesUtils - Could not find an 'annotation declaring class' for annotation type [org.springframework.test.context.ActiveProfiles] and class [com.staticvoid.songsuggestion.service.SongSuggestionServiceTest]
01:42:59.800 [Test worker] DEBUG org.springframework.context.annotation.ClassPathScanningCandidateComponentProvider - Identified candidate component class: file [C:\Users\Nick Marko\Documents\OpenAITextGenerationAPI\build\classes\java\main\com\staticvoid\Application.class]
01:42:59.802 [Test worker] INFO org.springframework.boot.test.context.SpringBootTestContextBootstrapper - Found @SpringBootConfiguration com.staticvoid.Application for test class com.staticvoid.songsuggestion.service.SongSuggestionServiceTest
01:43:00.117 [Test worker] DEBUG org.springframework.boot.test.context.SpringBootTestContextBootstrapper - @TestExecutionListeners is not present for class [com.staticvoid.songsuggestion.service.SongSuggestionServiceTest]: using defaults.
01:43:00.118 [Test worker] INFO org.springframework.boot.test.context.SpringBootTestContextBootstrapper - Loaded default TestExecutionListener class names from location [META-INF/spring.factories]: [org.springframework.security.test.context.support.WithSecurityContextTestExecutionListener, org.springframework.security.test.context.support.ReactorContextTestExecutionListener, org.springframework.boot.test.autoconfigure.restdocs.RestDocsTestExecutionListener, org.springframework.boot.test.autoconfigure.web.client.MockRestServiceServerResetTestExecutionListener, org.springframework.boot.test.autoconfigure.web.servlet.MockMvcPrintOnlyOnFailureTestExecutionListener, org.springframework.boot.test.autoconfigure.web.servlet.WebDriverTestExecutionListener, org.springframework.boot.test.autoconfigure.webservices.client.MockWebServiceServerTestExecutionListener, org.springframework.boot.test.mock.mockito.MockitoTestExecutionListener, org.springframework.boot.test.mock.mockito.ResetMocksTestExecutionListener, org.springframework.test.context.web.ServletTestExecutionListener, org.springframework.test.context.support.DirtiesContextBeforeModesTestExecutionListener, org.springframework.test.context.event.ApplicationEventsTestExecutionListener, org.springframework.test.context.support.DependencyInjectionTestExecutionListener, org.springframework.test.context.support.DirtiesContextTestExecutionListener, org.springframework.test.context.transaction.TransactionalTestExecutionListener, org.springframework.test.context.jdbc.SqlScriptsTestExecutionListener, org.springframework.test.context.event.EventPublishingTestExecutionListener]
01:43:00.163 [Test worker] INFO org.springframework.boot.test.context.SpringBootTestContextBootstrapper - Using TestExecutionListeners: [org.springframework.test.context.web.ServletTestExecutionListener@57f64f5e, org.springframework.test.context.support.DirtiesContextBeforeModesTestExecutionListener@415e0bcb, org.springframework.test.context.event.ApplicationEventsTestExecutionListener@194152cf, org.springframework.boot.test.mock.mockito.MockitoTestExecutionListener@49d98dc5, org.springframework.boot.test.autoconfigure.SpringBootDependencyInjectionTestExecutionListener@2c30b71f, org.springframework.test.context.support.DirtiesContextTestExecutionListener@1d81e101, org.springframework.test.context.transaction.TransactionalTestExecutionListener@ec50f54, org.springframework.test.context.jdbc.SqlScriptsTestExecutionListener@bf71cec, org.springframework.security.test.context.support.WithSecurityContextTestExecutionListener@22d6cac2, org.springframework.test.context.event.EventPublishingTestExecutionListener@30cdae70, org.springframework.security.test.context.support.ReactorContextTestExecutionListener@1654a892, org.springframework.boot.test.autoconfigure.restdocs.RestDocsTestExecutionListener@2577d6c8, org.springframework.boot.test.autoconfigure.web.client.MockRestServiceServerResetTestExecutionListener@3163987e, org.springframework.boot.test.autoconfigure.web.servlet.MockMvcPrintOnlyOnFailureTestExecutionListener@6c000e0c, org.springframework.boot.test.autoconfigure.web.servlet.WebDriverTestExecutionListener@5f233b26, org.springframework.boot.test.autoconfigure.webservices.client.MockWebServiceServerTestExecutionListener@44f9779c, org.springframework.boot.test.mock.mockito.ResetMocksTestExecutionListener@6974a715]
01:43:00.172 [Test worker] DEBUG org.springframework.test.context.support.AbstractDirtiesContextTestExecutionListener - Before test class: context [DefaultTestContext@e044b4a testClass = SongSuggestionServiceTest, testInstance = [null], testMethod = [null], testException = [null], mergedContextConfiguration = [WebMergedContextConfiguration@11a82d0f testClass = SongSuggestionServiceTest, locations = '{}', classes = '{class com.staticvoid.Application}', contextInitializerClasses = '[]', activeProfiles = '{}', propertySourceLocations = '{}', propertySourceProperties = '{org.springframework.boot.test.context.SpringBootTestContextBootstrapper=true}', contextCustomizers = set[org.springframework.boot.test.autoconfigure.actuate.metrics.MetricsExportContextCustomizerFactory$DisableMetricExportContextCustomizer@7fc44dec, org.springframework.boot.test.autoconfigure.properties.PropertyMappingContextCustomizer@0, org.springframework.boot.test.autoconfigure.web.servlet.WebDriverContextCustomizerFactory$Customizer@2b491fee, org.springframework.boot.test.context.filter.ExcludeFilterContextCustomizer@63192798, org.springframework.boot.test.json.DuplicateJsonObjectContextCustomizerFactory$DuplicateJsonObjectContextCustomizer@28d6290, org.springframework.boot.test.mock.mockito.MockitoContextCustomizer@0, org.springframework.boot.test.web.client.TestRestTemplateContextCustomizer@6a66a204, org.springframework.boot.test.context.SpringBootTestArgs@1, org.springframework.boot.test.context.SpringBootTestWebEnvironment@14fa86ae], resourceBasePath = 'src/main/webapp', contextLoader = 'org.springframework.boot.test.context.SpringBootContextLoader', parent = [null]], attributes = map['org.springframework.test.context.web.ServletTestExecutionListener.activateListener' -> true]], class annotated with @DirtiesContext [false] with mode [null].

  .   ____          _            __ _ _
 /\\ / ___'_ __ _ _(_)_ __  __ _ \ \ \ \
( ( )\___ | '_ | '_| | '_ \/ _` | \ \ \ \
 \\/  ___)| |_)| | | | | || (_| |  ) ) ) )
  '  |____| .__|_| |_|_| |_\__, | / / / /
 =========|_|==============|___/=/_/_/_/
 :: Spring Boot ::                (v2.7.8)

2023-01-27 01:43:01.138  INFO 42532 --- [    Test worker] c.s.s.service.SongSuggestionServiceTest  : Starting SongSuggestionServiceTest using Java 11.0.15.1 on DESKTOP-6IQL1N2 with PID 42532 (started by Nick Marko in C:\Users\Nick Marko\Documents\OpenAITextGenerationAPI)
2023-01-27 01:43:01.141  INFO 42532 --- [    Test worker] c.s.s.service.SongSuggestionServiceTest  : No active profile set, falling back to 1 default profile: "default"
2023-01-27 01:43:02.603  INFO 42532 --- [    Test worker] .s.d.r.c.RepositoryConfigurationDelegate : Bootstrapping Spring Data JPA repositories in DEFAULT mode.
2023-01-27 01:43:02.755  INFO 42532 --- [    Test worker] .s.d.r.c.RepositoryConfigurationDelegate : Finished Spring Data repository scanning in 130 ms. Found 2 JPA repository interfaces.
2023-01-27 01:43:04.494  INFO 42532 --- [    Test worker] o.hibernate.jpa.internal.util.LogHelper  : HHH000204: Processing PersistenceUnitInfo [name: default]
2023-01-27 01:43:04.668  INFO 42532 --- [    Test worker] org.hibernate.Version                    : HHH000412: Hibernate ORM core version 5.6.14.Final
2023-01-27 01:43:05.173  INFO 42532 --- [    Test worker] o.hibernate.annotations.common.Version   : HCANN000001: Hibernate Commons Annotations {5.1.2.Final}
2023-01-27 01:43:05.559  INFO 42532 --- [    Test worker] com.zaxxer.hikari.HikariDataSource       : HikariPool-1 - Starting...
2023-01-27 01:43:06.027  INFO 42532 --- [    Test worker] com.zaxxer.hikari.HikariDataSource       : HikariPool-1 - Start completed.
2023-01-27 01:43:06.077  INFO 42532 --- [    Test worker] org.hibernate.dialect.Dialect            : HHH000400: Using dialect: org.hibernate.dialect.PostgreSQL95Dialect
2023-01-27 01:43:06.205  INFO 42532 --- [    Test worker] o.h.e.boot.internal.EnversServiceImpl    : Envers integration enabled? : true
2023-01-27 01:43:07.819  INFO 42532 --- [    Test worker] o.h.e.t.j.p.i.JtaPlatformInitiator       : HHH000490: Using JtaPlatform implementation: [org.hibernate.engine.transaction.jta.platform.internal.NoJtaPlatform]
2023-01-27 01:43:07.835  INFO 42532 --- [    Test worker] j.LocalContainerEntityManagerFactoryBean : Initialized JPA EntityManagerFactory for persistence unit 'default'
2023-01-27 01:43:14.431  WARN 42532 --- [    Test worker] .s.s.UserDetailsServiceAutoConfiguration : 

Using generated security password: 10a0f996-be4b-4438-8df5-34ffe1f0b06d

This generated password is for development use only. Your security configuration must be updated before running your application in production.

2023-01-27 01:43:15.177  INFO 42532 --- [    Test worker] o.s.s.web.DefaultSecurityFilterChain     : Will secure any request with [org.springframework.security.web.session.DisableEncodeUrlFilter@548d9d87, org.springframework.security.web.context.request.async.WebAsyncManagerIntegrationFilter@da8853c, org.springframework.security.web.context.SecurityContextPersistenceFilter@12dcfa6a, org.springframework.security.web.header.HeaderWriterFilter@14fed48e, org.springframework.security.web.csrf.CsrfFilter@362ad436, org.springframework.security.web.authentication.logout.LogoutFilter@3f514364, org.springframework.security.web.authentication.UsernamePasswordAuthenticationFilter@635f4be1, org.springframework.security.web.authentication.ui.DefaultLoginPageGeneratingFilter@7f6b3f4c, org.springframework.security.web.authentication.ui.DefaultLogoutPageGeneratingFilter@fb79241, org.springframework.security.web.authentication.www.BasicAuthenticationFilter@2f8ede54, org.springframework.security.web.savedrequest.RequestCacheAwareFilter@56394880, org.springframework.security.web.servletapi.SecurityContextHolderAwareRequestFilter@23c3f787, org.springframework.security.web.authentication.AnonymousAuthenticationFilter@275860e9, org.springframework.security.web.session.SessionManagementFilter@331b0bfd, org.springframework.security.web.access.ExceptionTranslationFilter@299022a9, org.springframework.security.web.access.intercept.FilterSecurityInterceptor@45fdd38d]
2023-01-27 01:43:15.465  INFO 42532 --- [    Test worker] c.s.s.service.SongSuggestionServiceTest  : Started SongSuggestionServiceTest in 15.213 seconds (JVM running for 19.283)
2023-01-27 01:43:18.333  INFO 42532 --- [    Test worker] c.s.i.r.service.ImageRecognitionService  : Detected labels for the given photo
2023-01-27 01:43:18.334  INFO 42532 --- [    Test worker] c.s.i.r.service.ImageRecognitionService  : Helmet: 99.98261
2023-01-27 01:43:18.334  INFO 42532 --- [    Test worker] c.s.i.r.service.ImageRecognitionService  : Hardhat: 99.85882
2023-01-27 01:43:18.334  INFO 42532 --- [    Test worker] c.s.i.r.service.ImageRecognitionService  : Clothing: 99.85882
2023-01-27 01:43:18.334  INFO 42532 --- [    Test worker] c.s.i.r.service.ImageRecognitionService  : Glove: 99.67435
2023-01-27 01:43:18.334  INFO 42532 --- [    Test worker] c.s.i.r.service.ImageRecognitionService  : Vacation: 98.35111
2023-01-27 01:43:18.334  INFO 42532 --- [    Test worker] c.s.i.r.service.ImageRecognitionService  : Fun: 98.35111
2023-01-27 01:43:18.334  INFO 42532 --- [    Test worker] c.s.i.r.service.ImageRecognitionService  : Person: 96.165375
2023-01-27 01:43:18.335  INFO 42532 --- [    Test worker] c.s.i.r.service.ImageRecognitionService  : Motorcycle: 94.54113
2023-01-27 01:43:18.335  INFO 42532 --- [    Test worker] c.s.i.r.service.ImageRecognitionService  : Vehicle: 94.54113
2023-01-27 01:43:18.335  INFO 42532 --- [    Test worker] c.s.i.r.service.ImageRecognitionService  : Transportation: 94.54113
2023-01-27 01:43:18.335  INFO 42532 --- [    Test worker] c.s.i.r.service.ImageRecognitionService  : Road: 93.51399
2023-01-27 01:43:18.335  INFO 42532 --- [    Test worker] c.s.i.r.service.ImageRecognitionService  : Road Trip: 92.275764
2023-01-27 01:43:18.335  INFO 42532 --- [    Test worker] c.s.i.r.service.ImageRecognitionService  : Crash Helmet: 89.3453
2023-01-27 01:43:18.336  INFO 42532 --- [    Test worker] c.s.i.r.service.ImageRecognitionService  : Street: 56.084793
2023-01-27 01:43:18.336  INFO 42532 --- [    Test worker] c.s.i.r.service.ImageRecognitionService  : Urban: 56.084793
2023-01-27 01:43:18.336  INFO 42532 --- [    Test worker] c.s.s.service.SongSuggestionService      : Asking prompt: List 5 real songs in json format that are associated with these tags: [Helmet, Hardhat, Clothing, Glove, Vacation, Fun, Person, Motorcycle, Vehicle, Transportation, Road, Road Trip, Crash Helmet, Street, Urban] 
 use this json format
 [
{
"name": "Empire State of Mind",
"artist": "Jay-Z ft. Alicia Keys",
"tags": ["city", "urban", "skyscraper", "metropolis", "downtown"]
}]
2023-01-27 01:43:37.099  INFO 42532 --- [    Test worker] c.s.text.service.TextGenerationService   : cmpl-6cxlA9Ly7Bm8kXmMzoBO62GsxxFFy
2023-01-27 01:43:37.100  INFO 42532 --- [    Test worker] c.s.text.service.TextGenerationService   : [{"name": "Ridin'","artist": "Chamillionaire ft. Krayzie Bone","tags": ["motorcycle", "vehicle", "transportation", "road", "street"]},{"name": "On the Road Again","artist": "Willie Nelson","tags": ["vacation", "fun", "road trip", "person"]},{"name": "Helmet in the Bush","artist": "Korn","tags": ["helmet", "hardhat", "crash helmet"]},{"name": "Highway to Hell","artist": "AC/DC","tags": ["road", "street", "urban", "vehicle", "transportation"]},{"name": "Workin' Man's Blues","artist": "Merle Haggard","tags": ["glove", "clothing", "person"]}]
2023-01-27 01:43:41.516  INFO 42532 --- [    Test worker] c.s.s.service.SongSuggestionServiceTest  : Songs: [Song(id=null, imageId=null, userId=null, name=Ridin', artist=Chamillionaire ft. Krayzie Bone, tags=[motorcycle, vehicle, transportation, road, street], youtubeVideoId=CtwJvgPJ9xw), Song(id=null, imageId=null, userId=null, name=On the Road Again, artist=Willie Nelson, tags=[vacation, fun, road trip, person], youtubeVideoId=dBN86y30Ufc), Song(id=null, imageId=null, userId=null, name=Helmet in the Bush, artist=Korn, tags=[helmet, hardhat, crash helmet], youtubeVideoId=X2sELSweNoQ), Song(id=null, imageId=null, userId=null, name=Highway to Hell, artist=AC/DC, tags=[road, street, urban, vehicle, transportation], youtubeVideoId=l482T0yNkeo), Song(id=null, imageId=null, userId=null, name=Workin' Man's Blues, artist=Merle Haggard, tags=[glove, clothing, person], youtubeVideoId=6EwK0NsKdDY)]
]]></system-out>
  <system-err><![CDATA[]]></system-err>
</testsuite>
